<?xml version="1.0" encoding="UTF-8"?>
<!-- Generated by org.testng.reporters.JUnitXMLReporter -->
<testsuite hostname="DESKTOP-KFK5AMQ" ignored="0" name="run on CHROME" tests="3" failures="0" timestamp="14 Mar 2023 04:53:12 GMT" time="10.979" errors="0">
  <testcase name="TC01_Validate_At_Register_Form" time="1.26" classname="com.nopcommerce.user.Level17_Login_Page_Pattern_III_Json_Data_External"/>
  <testcase name="TC02_Register_To_System" time="3.074" classname="com.nopcommerce.user.Level17_Login_Page_Pattern_III_Json_Data_External"/>
  <testcase name="TC03_Login_To_System" time="1.621" classname="com.nopcommerce.user.Level17_Login_Page_Pattern_III_Json_Data_External"/>
</testsuite> <!-- run on CHROME -->
